0 info it worked if it ends with ok
1 verbose cli [ 'node', '/usr/local/bin/npm', 'install' ]
2 info using npm@2.0.2
3 info using node@v0.10.32
4 verbose readDependencies using package.json deps
5 verbose install where, deps [ '/Users/francisbeauchamps/Documents/code/price-finder',
5 verbose install   [ 'body-parser',
5 verbose install     'cookie-parser',
5 verbose install     'express',
5 verbose install     'express-handlebars',
5 verbose install     'kijiji-scraper',
5 verbose install     'lodash',
5 verbose install     'mathjs',
5 verbose install     'morgan',
5 verbose install     'q',
5 verbose install     'request',
5 verbose install     'serve-favicon',
5 verbose install     'gulp',
5 verbose install     'gulp-nodemon',
5 verbose install     'gulp-livereload',
5 verbose install     'gulp-plumber' ] ]
6 info preinstall conuhack@0.0.1
7 verbose readDependencies using package.json deps
8 verbose cache add [ 'q@^1.4.1', null ]
9 verbose cache add spec="q@^1.4.1" args=["q@^1.4.1",null]
10 verbose parsed spec { raw: 'q@^1.4.1',
10 verbose parsed spec   scope: null,
10 verbose parsed spec   name: 'q',
10 verbose parsed spec   rawSpec: '^1.4.1',
10 verbose parsed spec   spec: '>=1.4.1 <2.0.0',
10 verbose parsed spec   type: 'range' }
11 verbose parsed spec { raw: 'q@^1.4.1',
11 verbose parsed spec   scope: null,
11 verbose parsed spec   name: 'q',
11 verbose parsed spec   rawSpec: '^1.4.1',
11 verbose parsed spec   spec: '>=1.4.1 <2.0.0',
11 verbose parsed spec   type: 'range' }
12 verbose addNamed [ 'q', '>=1.4.1 <2.0.0' ]
13 verbose addNamed [ null, '>=1.4.1 <2.0.0' ]
14 verbose cache add [ 'request@^2.67.0', null ]
15 verbose cache add spec="request@^2.67.0" args=["request@^2.67.0",null]
16 verbose parsed spec { raw: 'request@^2.67.0',
16 verbose parsed spec   scope: null,
16 verbose parsed spec   name: 'request',
16 verbose parsed spec   rawSpec: '^2.67.0',
16 verbose parsed spec   spec: '>=2.67.0 <3.0.0',
16 verbose parsed spec   type: 'range' }
17 silly lockFile 05f00041-q-1-4-1-2-0-0 q@>=1.4.1 <2.0.0
18 verbose lock q@>=1.4.1 <2.0.0 /Users/francisbeauchamps/.npm/05f00041-q-1-4-1-2-0-0.lock
19 verbose already installed skipping serve-favicon@^2.3.0 /Users/francisbeauchamps/Documents/code/price-finder
20 verbose parsed spec { raw: 'request@^2.67.0',
20 verbose parsed spec   scope: null,
20 verbose parsed spec   name: 'request',
20 verbose parsed spec   rawSpec: '^2.67.0',
20 verbose parsed spec   spec: '>=2.67.0 <3.0.0',
20 verbose parsed spec   type: 'range' }
21 verbose addNamed [ 'request', '>=2.67.0 <3.0.0' ]
22 verbose addNamed [ null, '>=2.67.0 <3.0.0' ]
23 silly lockFile b2de6360-request-2-67-0-3-0-0 request@>=2.67.0 <3.0.0
24 verbose lock request@>=2.67.0 <3.0.0 /Users/francisbeauchamps/.npm/b2de6360-request-2-67-0-3-0-0.lock
25 verbose already installed skipping gulp@^3.9.0 /Users/francisbeauchamps/Documents/code/price-finder
26 verbose already installed skipping gulp-nodemon@^2.0.2 /Users/francisbeauchamps/Documents/code/price-finder
27 verbose already installed skipping gulp-livereload@^3.8.0 /Users/francisbeauchamps/Documents/code/price-finder
28 verbose already installed skipping gulp-plumber@^1.0.0 /Users/francisbeauchamps/Documents/code/price-finder
29 verbose already installed skipping body-parser@^1.13.3 /Users/francisbeauchamps/Documents/code/price-finder
30 verbose already installed skipping cookie-parser@^1.3.3 /Users/francisbeauchamps/Documents/code/price-finder
31 verbose already installed skipping express@^4.13.3 /Users/francisbeauchamps/Documents/code/price-finder
32 verbose already installed skipping express-handlebars@^2.0.1 /Users/francisbeauchamps/Documents/code/price-finder
33 verbose cache add [ 'kijiji-scraper@^1.2.0', null ]
34 verbose cache add spec="kijiji-scraper@^1.2.0" args=["kijiji-scraper@^1.2.0",null]
35 verbose parsed spec { raw: 'kijiji-scraper@^1.2.0',
35 verbose parsed spec   scope: null,
35 verbose parsed spec   name: 'kijiji-scraper',
35 verbose parsed spec   rawSpec: '^1.2.0',
35 verbose parsed spec   spec: '>=1.2.0 <2.0.0',
35 verbose parsed spec   type: 'range' }
36 verbose parsed spec { raw: 'kijiji-scraper@^1.2.0',
36 verbose parsed spec   scope: null,
36 verbose parsed spec   name: 'kijiji-scraper',
36 verbose parsed spec   rawSpec: '^1.2.0',
36 verbose parsed spec   spec: '>=1.2.0 <2.0.0',
36 verbose parsed spec   type: 'range' }
37 verbose addNamed [ 'kijiji-scraper', '>=1.2.0 <2.0.0' ]
38 verbose addNamed [ null, '>=1.2.0 <2.0.0' ]
39 silly lockFile bffe54c4-kijiji-scraper-1-2-0-2-0-0 kijiji-scraper@>=1.2.0 <2.0.0
40 verbose lock kijiji-scraper@>=1.2.0 <2.0.0 /Users/francisbeauchamps/.npm/bffe54c4-kijiji-scraper-1-2-0-2-0-0.lock
41 verbose cache add [ 'lodash@^4.0.0', null ]
42 verbose cache add spec="lodash@^4.0.0" args=["lodash@^4.0.0",null]
43 verbose parsed spec { raw: 'lodash@^4.0.0',
43 verbose parsed spec   scope: null,
43 verbose parsed spec   name: 'lodash',
43 verbose parsed spec   rawSpec: '^4.0.0',
43 verbose parsed spec   spec: '>=4.0.0 <5.0.0',
43 verbose parsed spec   type: 'range' }
44 verbose cache add [ 'mathjs@^2.6.0', null ]
45 verbose cache add spec="mathjs@^2.6.0" args=["mathjs@^2.6.0",null]
46 verbose parsed spec { raw: 'mathjs@^2.6.0',
46 verbose parsed spec   scope: null,
46 verbose parsed spec   name: 'mathjs',
46 verbose parsed spec   rawSpec: '^2.6.0',
46 verbose parsed spec   spec: '>=2.6.0 <3.0.0',
46 verbose parsed spec   type: 'range' }
47 verbose parsed spec { raw: 'lodash@^4.0.0',
47 verbose parsed spec   scope: null,
47 verbose parsed spec   name: 'lodash',
47 verbose parsed spec   rawSpec: '^4.0.0',
47 verbose parsed spec   spec: '>=4.0.0 <5.0.0',
47 verbose parsed spec   type: 'range' }
48 verbose addNamed [ 'lodash', '>=4.0.0 <5.0.0' ]
49 verbose addNamed [ null, '>=4.0.0 <5.0.0' ]
50 silly lockFile ba0bf6ba-lodash-4-0-0-5-0-0 lodash@>=4.0.0 <5.0.0
51 verbose lock lodash@>=4.0.0 <5.0.0 /Users/francisbeauchamps/.npm/ba0bf6ba-lodash-4-0-0-5-0-0.lock
52 verbose parsed spec { raw: 'mathjs@^2.6.0',
52 verbose parsed spec   scope: null,
52 verbose parsed spec   name: 'mathjs',
52 verbose parsed spec   rawSpec: '^2.6.0',
52 verbose parsed spec   spec: '>=2.6.0 <3.0.0',
52 verbose parsed spec   type: 'range' }
53 verbose addNamed [ 'mathjs', '>=2.6.0 <3.0.0' ]
54 verbose addNamed [ null, '>=2.6.0 <3.0.0' ]
55 silly lockFile 0144a651-mathjs-2-6-0-3-0-0 mathjs@>=2.6.0 <3.0.0
56 verbose lock mathjs@>=2.6.0 <3.0.0 /Users/francisbeauchamps/.npm/0144a651-mathjs-2-6-0-3-0-0.lock
57 verbose already installed skipping morgan@^1.6.1 /Users/francisbeauchamps/Documents/code/price-finder
58 silly addNameRange { name: 'q', range: '>=1.4.1 <2.0.0', hasData: false }
59 verbose mapToRegistry name q
60 verbose mapToRegistry uri https://registry.npmjs.org/q
61 silly addNameRange { name: 'request', range: '>=2.67.0 <3.0.0', hasData: false }
62 verbose mapToRegistry name request
63 verbose mapToRegistry uri https://registry.npmjs.org/request
64 silly addNameRange { name: 'lodash', range: '>=4.0.0 <5.0.0', hasData: false }
65 verbose mapToRegistry name lodash
66 verbose mapToRegistry uri https://registry.npmjs.org/lodash
67 silly addNameRange { name: 'kijiji-scraper',
67 silly addNameRange   range: '>=1.2.0 <2.0.0',
67 silly addNameRange   hasData: false }
68 verbose mapToRegistry name kijiji-scraper
69 verbose mapToRegistry uri https://registry.npmjs.org/kijiji-scraper
70 silly addNameRange { name: 'mathjs', range: '>=2.6.0 <3.0.0', hasData: false }
71 verbose mapToRegistry name mathjs
72 verbose mapToRegistry uri https://registry.npmjs.org/mathjs
73 verbose request on initialization, where is /kijiji-scraper
74 verbose request after pass 1, where is /kijiji-scraper
75 verbose request url raw /kijiji-scraper
76 verbose request resolving registry [ 'https://registry.npmjs.org/', './kijiji-scraper' ]
77 verbose request after pass 2, where is https://registry.npmjs.org/kijiji-scraper
78 verbose request no auth needed
79 info attempt registry request try #1 at 21:13:42
80 verbose request id fe412696812746a9
81 http request GET https://registry.npmjs.org/kijiji-scraper
82 verbose request on initialization, where is /mathjs
83 verbose request after pass 1, where is /mathjs
84 verbose request url raw /mathjs
85 verbose request resolving registry [ 'https://registry.npmjs.org/', './mathjs' ]
86 verbose request after pass 2, where is https://registry.npmjs.org/mathjs
87 verbose request no auth needed
88 info attempt registry request try #1 at 21:13:42
89 http request GET https://registry.npmjs.org/mathjs
90 verbose request on initialization, where is /q
91 verbose request after pass 1, where is /q
92 verbose request url raw /q
93 verbose request resolving registry [ 'https://registry.npmjs.org/', './q' ]
94 verbose request after pass 2, where is https://registry.npmjs.org/q
95 verbose request no auth needed
96 info attempt registry request try #1 at 21:13:42
97 verbose etag "5C7P295Q4U46UUVLJ1TDI6X7N"
98 http request GET https://registry.npmjs.org/q
99 verbose request on initialization, where is /request
100 verbose request after pass 1, where is /request
101 verbose request url raw /request
102 verbose request resolving registry [ 'https://registry.npmjs.org/', './request' ]
103 verbose request after pass 2, where is https://registry.npmjs.org/request
104 verbose request no auth needed
105 info attempt registry request try #1 at 21:13:43
106 verbose etag "N8QA8WPQDMJTIHW0FD34O7OM"
107 http request GET https://registry.npmjs.org/request
108 verbose request on initialization, where is /lodash
109 verbose request after pass 1, where is /lodash
110 verbose request url raw /lodash
111 verbose request resolving registry [ 'https://registry.npmjs.org/', './lodash' ]
112 verbose request after pass 2, where is https://registry.npmjs.org/lodash
113 verbose request no auth needed
114 info attempt registry request try #1 at 21:13:43
115 verbose etag "CTDEA53T30HYQ337RKFC3QX31"
116 http request GET https://registry.npmjs.org/lodash
117 http 200 https://registry.npmjs.org/kijiji-scraper
118 silly registry.get cb [ 200,
118 silly registry.get   { server: 'CouchDB/1.5.0 (Erlang OTP/R16B03)',
118 silly registry.get     etag: '"26CZZSC17J2E0LCOOHS2D218C"',
118 silly registry.get     'content-type': 'application/json',
118 silly registry.get     'cache-control': 'max-age=300',
118 silly registry.get     'content-length': '10080',
118 silly registry.get     'accept-ranges': 'bytes',
118 silly registry.get     date: 'Sun, 24 Jan 2016 02:13:43 GMT',
118 silly registry.get     via: '1.1 varnish',
118 silly registry.get     age: '0',
118 silly registry.get     connection: 'keep-alive',
118 silly registry.get     'x-served-by': 'cache-ord1733-ORD',
118 silly registry.get     'x-cache': 'MISS',
118 silly registry.get     'x-cache-hits': '0',
118 silly registry.get     'x-timer': 'S1453601623.505802,VS0,VE41',
118 silly registry.get     vary: 'Accept' } ]
119 silly addNameRange number 2 { name: 'kijiji-scraper',
119 silly addNameRange   range: '>=1.2.0 <2.0.0',
119 silly addNameRange   hasData: true }
120 silly addNameRange versions [ 'kijiji-scraper',
120 silly addNameRange   [ '1.0.1', '1.0.2', '1.0.3', '1.1.0', '1.1.2', '1.2.0' ] ]
121 verbose addNamed [ 'kijiji-scraper', '1.2.0' ]
122 verbose addNamed [ '1.2.0', '1.2.0' ]
123 silly lockFile 014df766-kijiji-scraper-1-2-0 kijiji-scraper@1.2.0
124 verbose lock kijiji-scraper@1.2.0 /Users/francisbeauchamps/.npm/014df766-kijiji-scraper-1-2-0.lock
125 http 200 https://registry.npmjs.org/request
126 silly registry.get cb [ 200,
126 silly registry.get   { server: 'CouchDB/1.5.0 (Erlang OTP/R16B03)',
126 silly registry.get     etag: '"2T8E68R1OOSV9QFOX3RNF2W3B"',
126 silly registry.get     'content-type': 'application/json',
126 silly registry.get     'cache-control': 'max-age=300',
126 silly registry.get     'content-length': '181064',
126 silly registry.get     'accept-ranges': 'bytes',
126 silly registry.get     date: 'Sun, 24 Jan 2016 02:13:43 GMT',
126 silly registry.get     via: '1.1 varnish',
126 silly registry.get     age: '129',
126 silly registry.get     connection: 'keep-alive',
126 silly registry.get     'x-served-by': 'cache-ord1723-ORD',
126 silly registry.get     'x-cache': 'HIT',
126 silly registry.get     'x-cache-hits': '3',
126 silly registry.get     'x-timer': 'S1453601623.495012,VS0,VE0',
126 silly registry.get     vary: 'Accept' } ]
127 http 200 https://registry.npmjs.org/lodash
128 silly registry.get cb [ 200,
128 silly registry.get   { server: 'CouchDB/1.5.0 (Erlang OTP/R16B03)',
128 silly registry.get     etag: '"72U7LZWRJA4R0Q8N5U3BGB6MD"',
128 silly registry.get     'content-type': 'application/json',
128 silly registry.get     'cache-control': 'max-age=300',
128 silly registry.get     'content-length': '107684',
128 silly registry.get     'accept-ranges': 'bytes',
128 silly registry.get     date: 'Sun, 24 Jan 2016 02:13:43 GMT',
128 silly registry.get     via: '1.1 varnish',
128 silly registry.get     age: '184',
128 silly registry.get     connection: 'keep-alive',
128 silly registry.get     'x-served-by': 'cache-ord1722-ORD',
128 silly registry.get     'x-cache': 'HIT',
128 silly registry.get     'x-cache-hits': '3',
128 silly registry.get     'x-timer': 'S1453601623.499854,VS0,VE0',
128 silly registry.get     vary: 'Accept' } ]
129 http 200 https://registry.npmjs.org/q
130 silly registry.get cb [ 200,
130 silly registry.get   { server: 'CouchDB/1.5.0 (Erlang OTP/R16B03)',
130 silly registry.get     etag: '"6XX95ILD4KW1O0N16RLAZP5SP"',
130 silly registry.get     'content-type': 'application/json',
130 silly registry.get     'cache-control': 'max-age=300',
130 silly registry.get     'content-length': '144241',
130 silly registry.get     'accept-ranges': 'bytes',
130 silly registry.get     date: 'Sun, 24 Jan 2016 02:13:43 GMT',
130 silly registry.get     via: '1.1 varnish',
130 silly registry.get     age: '282',
130 silly registry.get     connection: 'keep-alive',
130 silly registry.get     'x-served-by': 'cache-ord1734-ORD',
130 silly registry.get     'x-cache': 'HIT',
130 silly registry.get     'x-cache-hits': '1',
130 silly registry.get     'x-timer': 'S1453601623.498500,VS0,VE0',
130 silly registry.get     vary: 'Accept' } ]
131 silly lockFile 1cb0bae1-scraper-kijiji-scraper-1-2-0-tgz https://registry.npmjs.org/kijiji-scraper/-/kijiji-scraper-1.2.0.tgz
132 verbose lock https://registry.npmjs.org/kijiji-scraper/-/kijiji-scraper-1.2.0.tgz /Users/francisbeauchamps/.npm/1cb0bae1-scraper-kijiji-scraper-1-2-0-tgz.lock
133 verbose addRemoteTarball [ 'https://registry.npmjs.org/kijiji-scraper/-/kijiji-scraper-1.2.0.tgz',
133 verbose addRemoteTarball   '6567916cef814cf23f8a7d4713a214cc3ba6ca57' ]
134 silly addNameRange number 2 { name: 'lodash', range: '>=4.0.0 <5.0.0', hasData: true }
135 silly addNameRange versions [ 'lodash',
135 silly addNameRange   [ '0.1.0',
135 silly addNameRange     '0.2.0',
135 silly addNameRange     '0.2.1',
135 silly addNameRange     '0.2.2',
135 silly addNameRange     '0.3.0',
135 silly addNameRange     '0.3.1',
135 silly addNameRange     '0.3.2',
135 silly addNameRange     '0.4.0',
135 silly addNameRange     '0.4.1',
135 silly addNameRange     '0.4.2',
135 silly addNameRange     '0.5.0-rc.1',
135 silly addNameRange     '0.5.0',
135 silly addNameRange     '0.5.1',
135 silly addNameRange     '0.5.2',
135 silly addNameRange     '0.6.0',
135 silly addNameRange     '0.6.1',
135 silly addNameRange     '0.7.0',
135 silly addNameRange     '0.8.0',
135 silly addNameRange     '0.8.1',
135 silly addNameRange     '0.8.2',
135 silly addNameRange     '0.9.0',
135 silly addNameRange     '0.9.1',
135 silly addNameRange     '0.9.2',
135 silly addNameRange     '0.10.0',
135 silly addNameRange     '1.0.0-rc.1',
135 silly addNameRange     '1.0.0-rc.2',
135 silly addNameRange     '1.0.0-rc.3',
135 silly addNameRange     '1.0.0',
135 silly addNameRange     '1.0.1',
135 silly addNameRange     '1.1.0',
135 silly addNameRange     '1.1.1',
135 silly addNameRange     '1.2.0',
135 silly addNameRange     '1.2.1',
135 silly addNameRange     '1.3.0',
135 silly addNameRange     '1.3.1',
135 silly addNameRange     '2.0.0',
135 silly addNameRange     '2.1.0',
135 silly addNameRange     '2.2.0',
135 silly addNameRange     '2.2.1',
135 silly addNameRange     '2.3.0',
135 silly addNameRange     '2.4.0',
135 silly addNameRange     '2.4.1',
135 silly addNameRange     '3.0.0',
135 silly addNameRange     '3.0.1',
135 silly addNameRange     '3.1.0',
135 silly addNameRange     '3.2.0',
135 silly addNameRange     '3.3.0',
135 silly addNameRange     '3.3.1',
135 silly addNameRange     '3.4.0',
135 silly addNameRange     '3.5.0',
135 silly addNameRange     '3.6.0',
135 silly addNameRange     '1.0.2',
135 silly addNameRange     '3.7.0',
135 silly addNameRange     '2.4.2',
135 silly addNameRange     '3.8.0',
135 silly addNameRange     '3.9.0',
135 silly addNameRange     '3.9.1',
135 silly addNameRange     '3.9.2',
135 silly addNameRange     '3.9.3',
135 silly addNameRange     '3.10.0',
135 silly addNameRange     '3.10.1',
135 silly addNameRange     '4.0.0' ] ]
136 verbose addNamed [ 'lodash', '4.0.0' ]
137 verbose addNamed [ '4.0.0', '4.0.0' ]
138 silly lockFile c4c005a0-lodash-4-0-0 lodash@4.0.0
139 verbose lock lodash@4.0.0 /Users/francisbeauchamps/.npm/c4c005a0-lodash-4-0-0.lock
140 silly addNameRange number 2 { name: 'request', range: '>=2.67.0 <3.0.0', hasData: true }
141 silly addNameRange versions [ 'request',
141 silly addNameRange   [ '0.10.0',
141 silly addNameRange     '0.8.3',
141 silly addNameRange     '0.9.0',
141 silly addNameRange     '0.9.1',
141 silly addNameRange     '0.9.5',
141 silly addNameRange     '1.0.0',
141 silly addNameRange     '1.1.0',
141 silly addNameRange     '1.1.1',
141 silly addNameRange     '1.2.0',
141 silly addNameRange     '1.9.0',
141 silly addNameRange     '1.9.1',
141 silly addNameRange     '1.9.2',
141 silly addNameRange     '1.9.3',
141 silly addNameRange     '1.9.5',
141 silly addNameRange     '1.9.7',
141 silly addNameRange     '1.9.8',
141 silly addNameRange     '1.9.9',
141 silly addNameRange     '2.0.0',
141 silly addNameRange     '2.0.1',
141 silly addNameRange     '2.0.2',
141 silly addNameRange     '2.0.3',
141 silly addNameRange     '2.0.4',
141 silly addNameRange     '2.0.5',
141 silly addNameRange     '2.1.0',
141 silly addNameRange     '2.1.1',
141 silly addNameRange     '2.2.0',
141 silly addNameRange     '2.2.5',
141 silly addNameRange     '2.2.6',
141 silly addNameRange     '2.2.9',
141 silly addNameRange     '2.9.0',
141 silly addNameRange     '2.9.1',
141 silly addNameRange     '2.9.2',
141 silly addNameRange     '2.9.3',
141 silly addNameRange     '2.9.100',
141 silly addNameRange     '2.9.150',
141 silly addNameRange     '2.9.151',
141 silly addNameRange     '2.9.152',
141 silly addNameRange     '2.9.153',
141 silly addNameRange     '2.9.200',
141 silly addNameRange     '2.9.201',
141 silly addNameRange     '2.9.202',
141 silly addNameRange     '2.9.203',
141 silly addNameRange     '2.10.0',
141 silly addNameRange     '2.11.0',
141 silly addNameRange     '2.11.1',
141 silly addNameRange     '2.11.2',
141 silly addNameRange     '2.11.3',
141 silly addNameRange     '2.11.4',
141 silly addNameRange     '2.12.0',
141 silly addNameRange     '2.14.0',
141 silly addNameRange     '2.16.0',
141 silly addNameRange     '2.16.2',
141 silly addNameRange     '2.16.4',
141 silly addNameRange     '2.16.6',
141 silly addNameRange     '2.18.0',
141 silly addNameRange     '2.19.0',
141 silly addNameRange     '2.20.0',
141 silly addNameRange     '2.21.0',
141 silly addNameRange     '2.22.0',
141 silly addNameRange     '2.23.0',
141 silly addNameRange     '2.24.0',
141 silly addNameRange     '2.25.0',
141 silly addNameRange     '2.26.0',
141 silly addNameRange     '2.27.0',
141 silly addNameRange     '2.28.0',
141 silly addNameRange     '2.29.0',
141 silly addNameRange     '2.30.0',
141 silly addNameRange     '2.31.0',
141 silly addNameRange     '2.32.0',
141 silly addNameRange     '2.33.0',
141 silly addNameRange     '2.34.0',
141 silly addNameRange     '2.35.0',
141 silly addNameRange     '2.36.0',
141 silly addNameRange     '2.37.0',
141 silly addNameRange     '2.38.0',
141 silly addNameRange     '2.39.0',
141 silly addNameRange     '2.40.0',
141 silly addNameRange     '2.41.0',
141 silly addNameRange     '2.42.0',
141 silly addNameRange     '2.43.0',
141 silly addNameRange     '2.44.0',
141 silly addNameRange     '2.45.0',
141 silly addNameRange     '2.46.0',
141 silly addNameRange     '2.47.0',
141 silly addNameRange     '2.48.0',
141 silly addNameRange     '2.49.0',
141 silly addNameRange     '2.50.0',
141 silly addNameRange     '2.51.0',
141 silly addNameRange     '2.52.0',
141 silly addNameRange     '2.53.0',
141 silly addNameRange     '2.54.0',
141 silly addNameRange     '2.55.0',
141 silly addNameRange     '2.56.0',
141 silly addNameRange     '2.57.0',
141 silly addNameRange     '2.58.0',
141 silly addNameRange     '2.59.0',
141 silly addNameRange     '2.60.0',
141 silly addNameRange     '2.61.0',
141 silly addNameRange     '2.62.0',
141 silly addNameRange     '2.63.0',
141 silly addNameRange     '2.64.0',
141 silly addNameRange     '2.65.0',
141 silly addNameRange     '2.66.0',
141 silly addNameRange     '2.67.0' ] ]
142 verbose addNamed [ 'request', '2.67.0' ]
143 verbose addNamed [ '2.67.0', '2.67.0' ]
144 silly lockFile 756151e6-request-2-67-0 request@2.67.0
145 verbose lock request@2.67.0 /Users/francisbeauchamps/.npm/756151e6-request-2-67-0.lock
146 silly addNameRange number 2 { name: 'q', range: '>=1.4.1 <2.0.0', hasData: true }
147 silly addNameRange versions [ 'q',
147 silly addNameRange   [ '0.0.0',
147 silly addNameRange     '0.0.1',
147 silly addNameRange     '0.0.2',
147 silly addNameRange     '0.0.3',
147 silly addNameRange     '0.1.0',
147 silly addNameRange     '0.1.1',
147 silly addNameRange     '0.1.2',
147 silly addNameRange     '0.1.3',
147 silly addNameRange     '0.1.4',
147 silly addNameRange     '0.1.5',
147 silly addNameRange     '0.1.6',
147 silly addNameRange     '0.1.7',
147 silly addNameRange     '0.1.8',
147 silly addNameRange     '0.1.9',
147 silly addNameRange     '0.2.0-rc1',
147 silly addNameRange     '0.2.0',
147 silly addNameRange     '0.2.1',
147 silly addNameRange     '0.2.2',
147 silly addNameRange     '0.2.3',
147 silly addNameRange     '0.2.4',
147 silly addNameRange     '0.2.5',
147 silly addNameRange     '0.2.6',
147 silly addNameRange     '0.2.7',
147 silly addNameRange     '0.2.8',
147 silly addNameRange     '0.2.9',
147 silly addNameRange     '0.3.0',
147 silly addNameRange     '0.2.10',
147 silly addNameRange     '0.4.0',
147 silly addNameRange     '0.4.1',
147 silly addNameRange     '0.4.2',
147 silly addNameRange     '0.4.4',
147 silly addNameRange     '0.5.0',
147 silly addNameRange     '0.5.1',
147 silly addNameRange     '0.5.2',
147 silly addNameRange     '0.5.3',
147 silly addNameRange     '0.6.0',
147 silly addNameRange     '0.7.0',
147 silly addNameRange     '0.7.1',
147 silly addNameRange     '0.7.2',
147 silly addNameRange     '0.8.0',
147 silly addNameRange     '0.8.1',
147 silly addNameRange     '0.8.2',
147 silly addNameRange     '0.8.3',
147 silly addNameRange     '0.8.4',
147 silly addNameRange     '0.8.5',
147 silly addNameRange     '0.8.6',
147 silly addNameRange     '0.8.7',
147 silly addNameRange     '0.8.8',
147 silly addNameRange     '0.8.9',
147 silly addNameRange     '0.8.10',
147 silly addNameRange     '0.8.11',
147 silly addNameRange     '0.8.12',
147 silly addNameRange     '0.9.0',
147 silly addNameRange     '0.9.1',
147 silly addNameRange     '0.9.2',
147 silly addNameRange     '0.9.3',
147 silly addNameRange     '0.9.4',
147 silly addNameRange     '0.9.5',
147 silly addNameRange     '0.9.6',
147 silly addNameRange     '0.9.7',
147 silly addNameRange     '1.0.0',
147 silly addNameRange     '1.0.1',
147 silly addNameRange     '2.0.0',
147 silly addNameRange     '2.0.1',
147 silly addNameRange     '2.0.2',
147 silly addNameRange     '1.1.0',
147 silly addNameRange     '1.1.1',
147 silly addNameRange     '1.1.2',
147 silly addNameRange     '2.0.3',
147 silly addNameRange     '1.2.0',
147 silly addNameRange     '1.2.1',
147 silly addNameRange     '1.3.0',
147 silly addNameRange     '1.4.0',
147 silly addNameRange     '1.4.1' ] ]
148 verbose addNamed [ 'q', '1.4.1' ]
149 verbose addNamed [ '1.4.1', '1.4.1' ]
150 silly lockFile 0ea9f2d2-q-1-4-1 q@1.4.1
151 verbose lock q@1.4.1 /Users/francisbeauchamps/.npm/0ea9f2d2-q-1-4-1.lock
152 silly lockFile c206365e-pmjs-org-lodash-lodash-4-0-0-tgz https://registry.npmjs.org/lodash/-/lodash-4.0.0.tgz
153 verbose lock https://registry.npmjs.org/lodash/-/lodash-4.0.0.tgz /Users/francisbeauchamps/.npm/c206365e-pmjs-org-lodash-lodash-4-0-0-tgz.lock
154 verbose addRemoteTarball [ 'https://registry.npmjs.org/lodash/-/lodash-4.0.0.tgz',
154 verbose addRemoteTarball   '9ac43844c595e28d30108b7ba583703395922dfc' ]
155 info retry fetch attempt 1 at 21:13:43
156 info attempt registry request try #1 at 21:13:43
157 http fetch GET https://registry.npmjs.org/kijiji-scraper/-/kijiji-scraper-1.2.0.tgz
158 silly lockFile 03e90d1b-s-org-request-request-2-67-0-tgz https://registry.npmjs.org/request/-/request-2.67.0.tgz
159 verbose lock https://registry.npmjs.org/request/-/request-2.67.0.tgz /Users/francisbeauchamps/.npm/03e90d1b-s-org-request-request-2-67-0-tgz.lock
160 silly lockFile ab42a988-registry-npmjs-org-q-q-1-4-1-tgz https://registry.npmjs.org/q/-/q-1.4.1.tgz
161 verbose lock https://registry.npmjs.org/q/-/q-1.4.1.tgz /Users/francisbeauchamps/.npm/ab42a988-registry-npmjs-org-q-q-1-4-1-tgz.lock
162 verbose addRemoteTarball [ 'https://registry.npmjs.org/request/-/request-2.67.0.tgz',
162 verbose addRemoteTarball   '8af74780e2bf11ea0ae9aa965c11f11afd272742' ]
163 info retry fetch attempt 1 at 21:13:43
164 info attempt registry request try #1 at 21:13:43
165 http fetch GET https://registry.npmjs.org/lodash/-/lodash-4.0.0.tgz
166 verbose addRemoteTarball [ 'https://registry.npmjs.org/q/-/q-1.4.1.tgz',
166 verbose addRemoteTarball   '55705bcd93c5f3673530c2c2cbc0c2b3addc286e' ]
167 info retry fetch attempt 1 at 21:13:43
168 info attempt registry request try #1 at 21:13:43
169 http fetch GET https://registry.npmjs.org/request/-/request-2.67.0.tgz
170 info retry fetch attempt 1 at 21:13:43
171 info attempt registry request try #1 at 21:13:43
172 http fetch GET https://registry.npmjs.org/q/-/q-1.4.1.tgz
173 http 200 https://registry.npmjs.org/mathjs
174 silly registry.get cb [ 200,
174 silly registry.get   { server: 'CouchDB/1.5.0 (Erlang OTP/R16B03)',
174 silly registry.get     etag: '"4LAE2XLNXIW26VODD1W5KCPGX"',
174 silly registry.get     'content-type': 'application/json',
174 silly registry.get     'cache-control': 'max-age=300',
174 silly registry.get     'content-length': '156596',
174 silly registry.get     'accept-ranges': 'bytes',
174 silly registry.get     date: 'Sun, 24 Jan 2016 02:13:43 GMT',
174 silly registry.get     via: '1.1 varnish',
174 silly registry.get     age: '0',
174 silly registry.get     connection: 'keep-alive',
174 silly registry.get     'x-served-by': 'cache-ord1728-ORD',
174 silly registry.get     'x-cache': 'MISS',
174 silly registry.get     'x-cache-hits': '0',
174 silly registry.get     'x-timer': 'S1453601623.498898,VS0,VE291',
174 silly registry.get     vary: 'Accept' } ]
175 http fetch 200 https://registry.npmjs.org/q/-/q-1.4.1.tgz
176 http fetch 200 https://registry.npmjs.org/lodash/-/lodash-4.0.0.tgz
177 http fetch 200 https://registry.npmjs.org/kijiji-scraper/-/kijiji-scraper-1.2.0.tgz
178 silly fetchAndShaCheck shasum 6567916cef814cf23f8a7d4713a214cc3ba6ca57
179 silly fetchAndShaCheck shasum 55705bcd93c5f3673530c2c2cbc0c2b3addc286e
180 silly addNameRange number 2 { name: 'mathjs', range: '>=2.6.0 <3.0.0', hasData: true }
181 silly addNameRange versions [ 'mathjs',
181 silly addNameRange   [ '0.0.2',
181 silly addNameRange     '0.1.0',
181 silly addNameRange     '0.2.0',
181 silly addNameRange     '0.3.0',
181 silly addNameRange     '0.4.0',
181 silly addNameRange     '0.5.0',
181 silly addNameRange     '0.6.0',
181 silly addNameRange     '0.7.0',
181 silly addNameRange     '0.7.1',
181 silly addNameRange     '0.7.2',
181 silly addNameRange     '0.8.0',
181 silly addNameRange     '0.8.1',
181 silly addNameRange     '0.8.2',
181 silly addNameRange     '0.9.0',
181 silly addNameRange     '0.9.1',
181 silly addNameRange     '0.10.0',
181 silly addNameRange     '0.11.0',
181 silly addNameRange     '0.11.1',
181 silly addNameRange     '0.12.0',
181 silly addNameRange     '0.12.1',
181 silly addNameRange     '0.13.0',
181 silly addNameRange     '0.14.0',
181 silly addNameRange     '0.15.0',
181 silly addNameRange     '0.16.0',
181 silly addNameRange     '0.17.0',
181 silly addNameRange     '0.17.1',
181 silly addNameRange     '0.18.0',
181 silly addNameRange     '0.18.1',
181 silly addNameRange     '0.19.0',
181 silly addNameRange     '0.20.0',
181 silly addNameRange     '0.21.0',
181 silly addNameRange     '0.21.1',
181 silly addNameRange     '0.22.0',
181 silly addNameRange     '0.23.0',
181 silly addNameRange     '0.24.1',
181 silly addNameRange     '0.25.0',
181 silly addNameRange     '0.26.0',
181 silly addNameRange     '0.27.0',
181 silly addNameRange     '1.0.0',
181 silly addNameRange     '1.0.1',
181 silly addNameRange     '1.1.0',
181 silly addNameRange     '1.1.1',
181 silly addNameRange     '1.2.0',
181 silly addNameRange     '1.3.0',
181 silly addNameRange     '1.4.0',
181 silly addNameRange     '1.5.0',
181 silly addNameRange     '1.5.1',
181 silly addNameRange     '1.5.2',
181 silly addNameRange     '1.6.0',
181 silly addNameRange     '1.7.0',
181 silly addNameRange     '1.7.1',
181 silly addNameRange     '2.0.0',
181 silly addNameRange     '2.0.1',
181 silly addNameRange     '2.1.0',
181 silly addNameRange     '2.1.1',
181 silly addNameRange     '2.2.0',
181 silly addNameRange     '2.3.0',
181 silly addNameRange     '2.4.0',
181 silly addNameRange     '2.4.1',
181 silly addNameRange     '2.4.2',
181 silly addNameRange     '2.5.0',
181 silly addNameRange     '2.6.0' ] ]
182 verbose addNamed [ 'mathjs', '2.6.0' ]
183 verbose addNamed [ '2.6.0', '2.6.0' ]
184 silly lockFile 66908907-mathjs-2-6-0 mathjs@2.6.0
185 verbose lock mathjs@2.6.0 /Users/francisbeauchamps/.npm/66908907-mathjs-2-6-0.lock
186 http fetch 200 https://registry.npmjs.org/request/-/request-2.67.0.tgz
187 silly lockFile ab42a988-registry-npmjs-org-q-q-1-4-1-tgz https://registry.npmjs.org/q/-/q-1.4.1.tgz
188 silly lockFile ab42a988-registry-npmjs-org-q-q-1-4-1-tgz https://registry.npmjs.org/q/-/q-1.4.1.tgz
189 silly fetchAndShaCheck shasum 8af74780e2bf11ea0ae9aa965c11f11afd272742
190 silly lockFile 95070b53-pmjs-org-mathjs-mathjs-2-6-0-tgz https://registry.npmjs.org/mathjs/-/mathjs-2.6.0.tgz
191 verbose lock https://registry.npmjs.org/mathjs/-/mathjs-2.6.0.tgz /Users/francisbeauchamps/.npm/95070b53-pmjs-org-mathjs-mathjs-2-6-0-tgz.lock
192 silly lockFile 0ea9f2d2-q-1-4-1 q@1.4.1
193 silly lockFile 0ea9f2d2-q-1-4-1 q@1.4.1
194 silly lockFile 05f00041-q-1-4-1-2-0-0 q@>=1.4.1 <2.0.0
195 silly lockFile 05f00041-q-1-4-1-2-0-0 q@>=1.4.1 <2.0.0
196 verbose addRemoteTarball [ 'https://registry.npmjs.org/mathjs/-/mathjs-2.6.0.tgz',
196 verbose addRemoteTarball   '4742cc9af52d65d4c7b7cbcd20af9c80618a05e8' ]
197 silly lockFile 03e90d1b-s-org-request-request-2-67-0-tgz https://registry.npmjs.org/request/-/request-2.67.0.tgz
198 silly lockFile 03e90d1b-s-org-request-request-2-67-0-tgz https://registry.npmjs.org/request/-/request-2.67.0.tgz
199 silly lockFile 756151e6-request-2-67-0 request@2.67.0
200 silly lockFile 756151e6-request-2-67-0 request@2.67.0
201 silly lockFile b2de6360-request-2-67-0-3-0-0 request@>=2.67.0 <3.0.0
202 silly lockFile b2de6360-request-2-67-0-3-0-0 request@>=2.67.0 <3.0.0
203 silly fetchAndShaCheck shasum 9ac43844c595e28d30108b7ba583703395922dfc
204 info retry fetch attempt 1 at 21:13:43
205 info attempt registry request try #1 at 21:13:43
206 http fetch GET https://registry.npmjs.org/mathjs/-/mathjs-2.6.0.tgz
207 silly lockFile 1cb0bae1-scraper-kijiji-scraper-1-2-0-tgz https://registry.npmjs.org/kijiji-scraper/-/kijiji-scraper-1.2.0.tgz
208 silly lockFile 1cb0bae1-scraper-kijiji-scraper-1-2-0-tgz https://registry.npmjs.org/kijiji-scraper/-/kijiji-scraper-1.2.0.tgz
209 silly lockFile 014df766-kijiji-scraper-1-2-0 kijiji-scraper@1.2.0
210 silly lockFile 014df766-kijiji-scraper-1-2-0 kijiji-scraper@1.2.0
211 silly lockFile bffe54c4-kijiji-scraper-1-2-0-2-0-0 kijiji-scraper@>=1.2.0 <2.0.0
212 silly lockFile bffe54c4-kijiji-scraper-1-2-0-2-0-0 kijiji-scraper@>=1.2.0 <2.0.0
213 silly lockFile c206365e-pmjs-org-lodash-lodash-4-0-0-tgz https://registry.npmjs.org/lodash/-/lodash-4.0.0.tgz
214 silly lockFile c206365e-pmjs-org-lodash-lodash-4-0-0-tgz https://registry.npmjs.org/lodash/-/lodash-4.0.0.tgz
215 silly lockFile c4c005a0-lodash-4-0-0 lodash@4.0.0
216 silly lockFile c4c005a0-lodash-4-0-0 lodash@4.0.0
217 silly lockFile ba0bf6ba-lodash-4-0-0-5-0-0 lodash@>=4.0.0 <5.0.0
218 silly lockFile ba0bf6ba-lodash-4-0-0-5-0-0 lodash@>=4.0.0 <5.0.0
219 http fetch 200 https://registry.npmjs.org/mathjs/-/mathjs-2.6.0.tgz
220 silly fetchAndShaCheck shasum 4742cc9af52d65d4c7b7cbcd20af9c80618a05e8
221 silly lockFile 95070b53-pmjs-org-mathjs-mathjs-2-6-0-tgz https://registry.npmjs.org/mathjs/-/mathjs-2.6.0.tgz
222 silly lockFile 95070b53-pmjs-org-mathjs-mathjs-2-6-0-tgz https://registry.npmjs.org/mathjs/-/mathjs-2.6.0.tgz
223 silly lockFile 66908907-mathjs-2-6-0 mathjs@2.6.0
224 silly lockFile 66908907-mathjs-2-6-0 mathjs@2.6.0
225 silly lockFile 0144a651-mathjs-2-6-0-3-0-0 mathjs@>=2.6.0 <3.0.0
226 silly lockFile 0144a651-mathjs-2-6-0-3-0-0 mathjs@>=2.6.0 <3.0.0
227 verbose stack Error: EACCES, mkdir '/Users/francisbeauchamps/.npm/q/1.4.1'
228 verbose cwd /Users/francisbeauchamps/Documents/code/price-finder
229 error Darwin 15.0.0
230 error argv "node" "/usr/local/bin/npm" "install"
231 error node v0.10.32
232 error npm  v2.0.2
233 error path /Users/francisbeauchamps/.npm/q/1.4.1
234 error code EACCES
235 error errno 3
236 error Error: EACCES, mkdir '/Users/francisbeauchamps/.npm/q/1.4.1'
236 error  { [Error: EACCES, mkdir '/Users/francisbeauchamps/.npm/q/1.4.1']
236 error   errno: 3,
236 error   code: 'EACCES',
236 error   path: '/Users/francisbeauchamps/.npm/q/1.4.1',
236 error   parent: 'conuhack' }
237 error Please try running this command again as root/Administrator.
238 verbose exit [ 3, true ]
